Determining if the pthread_create exist failed with the following output:
Change Dir: /afs/kth.se/home/m/a/manuelfr/KTH_assignments/Introduction_to_Robotics/intro-robotics/Assignment3/catkin_ws/build/CMakeFiles/CMakeTmp

Run Build Command:"/usr/bin/make" "cmTC_a70bc/fast"
/usr/bin/make -f CMakeFiles/cmTC_a70bc.dir/build.make CMakeFiles/cmTC_a70bc.dir/build
make[1]: Entering directory '/afs/kth.se/home/m/a/manuelfr/KTH_assignments/Introduction_to_Robotics/intro-robotics/Assignment3/catkin_ws/build/CMakeFiles/CMakeTmp'
Building C object CMakeFiles/cmTC_a70bc.dir/CheckSymbolExists.c.o
/usr/bin/cc    -o CMakeFiles/cmTC_a70bc.dir/CheckSymbolExists.c.o   -c /afs/kth.se/home/m/a/manuelfr/KTH_assignments/Introduction_to_Robotics/intro-robotics/Assignment3/catkin_ws/build/CMakeFiles/CMakeTmp/CheckSymbolExists.c
Linking C executable cmTC_a70bc
/usr/bin/cmake -E cmake_link_script CMakeFiles/cmTC_a70bc.dir/link.txt --verbose=1
/usr/bin/cc      -rdynamic CMakeFiles/cmTC_a70bc.dir/CheckSymbolExists.c.o  -o cmTC_a70bc 
CMakeFiles/cmTC_a70bc.dir/CheckSymbolExists.c.o: In function `main':
CheckSymbolExists.c:(.text+0x1b): undefined reference to `pthread_create'
collect2: error: ld returned 1 exit status
CMakeFiles/cmTC_a70bc.dir/build.make:97: recipe for target 'cmTC_a70bc' failed
make[1]: *** [cmTC_a70bc] Error 1
make[1]: Leaving directory '/afs/kth.se/home/m/a/manuelfr/KTH_assignments/Introduction_to_Robotics/intro-robotics/Assignment3/catkin_ws/build/CMakeFiles/CMakeTmp'
Makefile:126: recipe for target 'cmTC_a70bc/fast' failed
make: *** [cmTC_a70bc/fast] Error 2

File /afs/kth.se/home/m/a/manuelfr/KTH_assignments/Introduction_to_Robotics/intro-robotics/Assignment3/catkin_ws/build/CMakeFiles/CMakeTmp/CheckSymbolExists.c:
/* */
#include <pthread.h>

int main(int argc, char** argv)
{
  (void)argv;
#ifndef pthread_create
  return ((int*)(&pthread_create))[argc];
#else
  (void)argc;
  return 0;
#endif
}

Determining if the function pthread_create exists in the pthreads failed with the following output:
Change Dir: /afs/kth.se/home/m/a/manuelfr/KTH_assignments/Introduction_to_Robotics/intro-robotics/Assignment3/catkin_ws/build/CMakeFiles/CMakeTmp

Run Build Command:"/usr/bin/make" "cmTC_f774f/fast"
/usr/bin/make -f CMakeFiles/cmTC_f774f.dir/build.make CMakeFiles/cmTC_f774f.dir/build
make[1]: Entering directory '/afs/kth.se/home/m/a/manuelfr/KTH_assignments/Introduction_to_Robotics/intro-robotics/Assignment3/catkin_ws/build/CMakeFiles/CMakeTmp'
Building C object CMakeFiles/cmTC_f774f.dir/CheckFunctionExists.c.o
/usr/bin/cc   -DCHECK_FUNCTION_EXISTS=pthread_create   -o CMakeFiles/cmTC_f774f.dir/CheckFunctionExists.c.o   -c /usr/share/cmake-3.10/Modules/CheckFunctionExists.c
Linking C executable cmTC_f774f
/usr/bin/cmake -E cmake_link_script CMakeFiles/cmTC_f774f.dir/link.txt --verbose=1
/usr/bin/cc  -DCHECK_FUNCTION_EXISTS=pthread_create    -rdynamic CMakeFiles/cmTC_f774f.dir/CheckFunctionExists.c.o  -o cmTC_f774f -lpthreads 
/usr/bin/ld: cannot find -lpthreads
collect2: error: ld returned 1 exit status
CMakeFiles/cmTC_f774f.dir/build.make:97: recipe for target 'cmTC_f774f' failed
make[1]: *** [cmTC_f774f] Error 1
make[1]: Leaving directory '/afs/kth.se/home/m/a/manuelfr/KTH_assignments/Introduction_to_Robotics/intro-robotics/Assignment3/catkin_ws/build/CMakeFiles/CMakeTmp'
Makefile:126: recipe for target 'cmTC_f774f/fast' failed
make: *** [cmTC_f774f/fast] Error 2


