Determining if the pthread_create exist failed with the following output:
Change Dir: /afs/kth.se/home/m/a/manuelfr/KTH_assignments/Introduction_to_Robotics/intro-robotics/Assignment2/catkin_ws/build/CMakeFiles/CMakeTmp

Run Build Command:"/usr/bin/make" "cmTC_23c71/fast"
/usr/bin/make -f CMakeFiles/cmTC_23c71.dir/build.make CMakeFiles/cmTC_23c71.dir/build
make[1]: Entering directory '/afs/kth.se/home/m/a/manuelfr/KTH_assignments/Introduction_to_Robotics/intro-robotics/Assignment2/catkin_ws/build/CMakeFiles/CMakeTmp'
Building C object CMakeFiles/cmTC_23c71.dir/CheckSymbolExists.c.o
/usr/bin/cc    -o CMakeFiles/cmTC_23c71.dir/CheckSymbolExists.c.o   -c /afs/kth.se/home/m/a/manuelfr/KTH_assignments/Introduction_to_Robotics/intro-robotics/Assignment2/catkin_ws/build/CMakeFiles/CMakeTmp/CheckSymbolExists.c
Linking C executable cmTC_23c71
/usr/bin/cmake -E cmake_link_script CMakeFiles/cmTC_23c71.dir/link.txt --verbose=1
/usr/bin/cc      -rdynamic CMakeFiles/cmTC_23c71.dir/CheckSymbolExists.c.o  -o cmTC_23c71 
CMakeFiles/cmTC_23c71.dir/CheckSymbolExists.c.o: In function `main':
CheckSymbolExists.c:(.text+0x1b): undefined reference to `pthread_create'
collect2: error: ld returned 1 exit status
CMakeFiles/cmTC_23c71.dir/build.make:97: recipe for target 'cmTC_23c71' failed
make[1]: *** [cmTC_23c71] Error 1
make[1]: Leaving directory '/afs/kth.se/home/m/a/manuelfr/KTH_assignments/Introduction_to_Robotics/intro-robotics/Assignment2/catkin_ws/build/CMakeFiles/CMakeTmp'
Makefile:126: recipe for target 'cmTC_23c71/fast' failed
make: *** [cmTC_23c71/fast] Error 2

File /afs/kth.se/home/m/a/manuelfr/KTH_assignments/Introduction_to_Robotics/intro-robotics/Assignment2/catkin_ws/build/CMakeFiles/CMakeTmp/CheckSymbolExists.c:
/* */
#include <pthread.h>

int main(int argc, char** argv)
{
  (void)argv;
#ifndef pthread_create
  return ((int*)(&pthread_create))[argc];
#else
  (void)argc;
  return 0;
#endif
}

Determining if the function pthread_create exists in the pthreads failed with the following output:
Change Dir: /afs/kth.se/home/m/a/manuelfr/KTH_assignments/Introduction_to_Robotics/intro-robotics/Assignment2/catkin_ws/build/CMakeFiles/CMakeTmp

Run Build Command:"/usr/bin/make" "cmTC_11b22/fast"
/usr/bin/make -f CMakeFiles/cmTC_11b22.dir/build.make CMakeFiles/cmTC_11b22.dir/build
make[1]: Entering directory '/afs/kth.se/home/m/a/manuelfr/KTH_assignments/Introduction_to_Robotics/intro-robotics/Assignment2/catkin_ws/build/CMakeFiles/CMakeTmp'
Building C object CMakeFiles/cmTC_11b22.dir/CheckFunctionExists.c.o
/usr/bin/cc   -DCHECK_FUNCTION_EXISTS=pthread_create   -o CMakeFiles/cmTC_11b22.dir/CheckFunctionExists.c.o   -c /usr/share/cmake-3.10/Modules/CheckFunctionExists.c
Linking C executable cmTC_11b22
/usr/bin/cmake -E cmake_link_script CMakeFiles/cmTC_11b22.dir/link.txt --verbose=1
/usr/bin/cc  -DCHECK_FUNCTION_EXISTS=pthread_create    -rdynamic CMakeFiles/cmTC_11b22.dir/CheckFunctionExists.c.o  -o cmTC_11b22 -lpthreads 
/usr/bin/ld: cannot find -lpthreads
collect2: error: ld returned 1 exit status
CMakeFiles/cmTC_11b22.dir/build.make:97: recipe for target 'cmTC_11b22' failed
make[1]: *** [cmTC_11b22] Error 1
make[1]: Leaving directory '/afs/kth.se/home/m/a/manuelfr/KTH_assignments/Introduction_to_Robotics/intro-robotics/Assignment2/catkin_ws/build/CMakeFiles/CMakeTmp'
Makefile:126: recipe for target 'cmTC_11b22/fast' failed
make: *** [cmTC_11b22/fast] Error 2


